Arguments: 
  /usr/local/bin/node /usr/local/bin/yarn node

PATH: 
  /Users/psocha/.rvm/gems/ruby-3.1.0/bin:/Users/psocha/.rvm/gems/ruby-3.1.0@global/bin:/Users/psocha/.rvm/rubies/ruby-3.1.0/bin:/Library/Frameworks/Python.framework/Versions/3.10/bin:/usr/local/bin:/usr/bin:/bin:/usr/sbin:/sbin:/Library/Apple/usr/bin:/Users/psocha/Developer/flutter/bin:/Users/psocha/.rvm/bin

Yarn version: 
  1.22.17

Node version: 
  16.13.1

Platform: 
  darwin x64

Trace: 
  SyntaxError: /Users/psocha/Documents/Development/AlexaSkills/Zap/Lacey/package.json: Unexpected end of JSON input
      at JSON.parse (<anonymous>)
      at /usr/local/lib/node_modules/yarn/lib/cli.js:1625:59
      at Generator.next (<anonymous>)
      at step (/usr/local/lib/node_modules/yarn/lib/cli.js:310:30)
      at /usr/local/lib/node_modules/yarn/lib/cli.js:321:13

npm manifest: 
  

yarn manifest: 
  No manifest

Lockfile: 
  No lockfile
