Arguments: 
  /usr/local/bin/node /Users/paulsocha/.yarn/bin/yarn.js

PATH: 
  /Users/paulsocha/.yarn/bin:/Users/paulsocha/.config/yarn/global/node_modules/.bin:/Library/Frameworks/Python.framework/Versions/3.7/bin:/Library/Frameworks/Python.framework/Versions/3.8/bin:/Library/Frameworks/Python.framework/Versions/3.9/bin:/usr/local/bin:/usr/bin:/bin:/usr/sbin:/sbin:/usr/local/share/dotnet:~/.dotnet/tools:/Library/Apple/usr/bin:/Users/paulsocha/.yarn/bin:/Users/paulsocha/.config/yarn/global/node_modules/.bin:/Library/Frameworks/Python.framework/Versions/3.7/bin:/Library/Frameworks/Python.framework/Versions/3.8/bin:/Library/Frameworks/Python.framework/Versions/3.9/bin

Yarn version: 
  1.22.5

Node version: 
  14.15.1

Platform: 
  darwin x64

Trace: 
  SyntaxError: /Users/paulsocha/Documents/CodingRepo/PersonalProjects/Lacey/package.json: Unexpected end of JSON input
      at JSON.parse (<anonymous>)
      at /Users/paulsocha/.yarn/lib/cli.js:1625:59
      at Generator.next (<anonymous>)
      at step (/Users/paulsocha/.yarn/lib/cli.js:310:30)
      at /Users/paulsocha/.yarn/lib/cli.js:321:13

npm manifest: 
  {
      "name": "lacey",
      "version": "1.0.0",
      "description": "",
      "main": "index.js",
      "scripts": {
          "prebuild:win32": "rmdir dist /s /q",
          "prebuild:darwin:linux": "rm -rf dist",
          "build": "run-script-os",
          "build:win32": "tsc",
          "build:darwin:linux": "tsc",
          "postbuild:win32": "copy package.json dist && cd dist && npm install",
          "postbuild:darwin:linux": "cp -R package.json dist/package.json && cd dist && npm install",
          "watch": "tsc --watch",
          "tsc": "tsc",
          "test": "echo \"Error: no test specified\" && exit 1"
      },
      "author": "Paul Socha",
      "license": "ISC",
      "Dependencies": {
          "@types/node": "^10.12.9",
          "run-script-os": "^1.0.3",
          "serverless-alexa-skills": "0.1.0",
          "tslint": "5.18.0",
          "ts-loader": "6.0.4",
          "typescript": "^3.5.3",
          "typescript-tslint-plugin": "0.5.4"
      },
      "dependencies": {
          "ask-sdk": "^2.7.0",
          "ask-sdk-core": "^2.7.0",
          "ask-sdk-model": "^1.19.0",
          "axios": "^0.21.1"
      },
      "devDependencies": {
          "@types/node": "^14.14.37"
      }
  }

yarn manifest: 
  No manifest

Lockfile: 
  No lockfile
